2015-10-05 02:08:31 Error: [Cake\View\Exception\MissingTemplateException] Template file "News/index.ctp" is missing.
Exception Attributes: array (
  'file' => 'News/index.ctp',
)
Request URL: /cakephp/news
Stack Trace:
#0 /var/www/vhosts/santo/cakephp/vendor/cakephp/cakephp/src/View/View.php(575): Cake\View\View->_getViewFileName(NULL)
#1 /var/www/vhosts/santo/cakephp/vendor/cakephp/cakephp/src/Controller/Controller.php(598): Cake\View\View->render(NULL, NULL)
#2 /var/www/vhosts/santo/cakephp/vendor/cakephp/cakephp/src/Routing/Dispatcher.php(120): Cake\Controller\Controller->render()
#3 /var/www/vhosts/santo/cakephp/vendor/cakephp/cakephp/src/Routing/Dispatcher.php(87): Cake\Routing\Dispatcher->_invoke(Object(App\Controller\NewsController))
#4 /var/www/vhosts/santo/cakephp/webroot/index.php(37): Cake\Routing\Dispatcher->dispatch(Object(Cake\Network\Request), Object(Cake\Network\Response))
#5 {main}


2015-10-05 02:19:06 Error: [Cake\Routing\Exception\MissingControllerException] Controller class Css could not be found.
Exception Attributes: array (
  'class' => 'Css',
  'plugin' => NULL,
  'prefix' => NULL,
  '_ext' => NULL,
)
Request URL: /cakephp/css/bower_components/bootstrap/disc/css/bootstrap.css
Stack Trace:
#0 /var/www/vhosts/santo/cakephp/webroot/index.php(37): Cake\Routing\Dispatcher->dispatch(Object(Cake\Network\Request), Object(Cake\Network\Response))
#1 {main}


2015-10-05 02:19:10 Error: [Cake\Routing\Exception\MissingControllerException] Controller class Css could not be found.
Exception Attributes: array (
  'class' => 'Css',
  'plugin' => NULL,
  'prefix' => NULL,
  '_ext' => NULL,
)
Request URL: /cakephp/css/bower_components/bootstrap/disc/css/bootstrap.css
Stack Trace:
#0 /var/www/vhosts/santo/cakephp/webroot/index.php(37): Cake\Routing\Dispatcher->dispatch(Object(Cake\Network\Request), Object(Cake\Network\Response))
#1 {main}


2015-10-05 02:20:04 Error: [Cake\Routing\Exception\MissingControllerException] Controller class Css could not be found.
Exception Attributes: array (
  'class' => 'Css',
  'plugin' => NULL,
  'prefix' => NULL,
  '_ext' => NULL,
)
Request URL: /cakephp/css/bower_components/bootstrap/dist/css/bootstrap.min.css
Stack Trace:
#0 /var/www/vhosts/santo/cakephp/webroot/index.php(37): Cake\Routing\Dispatcher->dispatch(Object(Cake\Network\Request), Object(Cake\Network\Response))
#1 {main}


2015-10-05 02:28:23 Error: Fatal Error (1): Call to undefined method App\Controller\NewsController::assign() in [/var/www/vhosts/santo/cakephp/src/Controller/NewsController.php, line 14]
Trace:
Cake\Error\BaseErrorHandler::handleFatalError() - CORE/src/Error/BaseErrorHandler.php, line 191
Cake\Error\BaseErrorHandler::Cake\Error\{closure}() - CORE/src/Error/BaseErrorHandler.php, line 90
[main] - [internal], line ??



2015-10-05 02:28:23 Error: [Cake\Error\FatalErrorException] Call to undefined method App\Controller\NewsController::assign()
Request URL: /cakephp/news
Stack Trace:
#0 /var/www/vhosts/santo/cakephp/vendor/cakephp/cakephp/src/Error/BaseErrorHandler.php(90): Cake\Error\BaseErrorHandler->handleFatalError(1, 'Call to undefin...', '/var/www/vhosts...', 14)
#1 [internal function]: Cake\Error\BaseErrorHandler->Cake\Error\{closure}()
#2 {main}


2015-10-05 02:28:24 Error: Fatal Error (1): Call to undefined method App\Controller\NewsController::assign() in [/var/www/vhosts/santo/cakephp/src/Controller/NewsController.php, line 14]
Trace:
Cake\Error\BaseErrorHandler::handleFatalError() - CORE/src/Error/BaseErrorHandler.php, line 191
Cake\Error\BaseErrorHandler::Cake\Error\{closure}() - CORE/src/Error/BaseErrorHandler.php, line 90
[main] - [internal], line ??



2015-10-05 02:28:24 Error: [Cake\Error\FatalErrorException] Call to undefined method App\Controller\NewsController::assign()
Request URL: /cakephp/news
Stack Trace:
#0 /var/www/vhosts/santo/cakephp/vendor/cakephp/cakephp/src/Error/BaseErrorHandler.php(90): Cake\Error\BaseErrorHandler->handleFatalError(1, 'Call to undefin...', '/var/www/vhosts...', 14)
#1 [internal function]: Cake\Error\BaseErrorHandler->Cake\Error\{closure}()
#2 {main}


2015-10-05 02:40:46 Error: [Cake\Routing\Exception\MissingControllerException] Controller class Post could not be found.
Exception Attributes: array (
  'class' => 'Post',
  'plugin' => NULL,
  'prefix' => NULL,
  '_ext' => NULL,
)
Request URL: /cakephp/post
Stack Trace:
#0 /var/www/vhosts/santo/cakephp/webroot/index.php(37): Cake\Routing\Dispatcher->dispatch(Object(Cake\Network\Request), Object(Cake\Network\Response))
#1 {main}


2015-10-05 02:45:26 Error: Fatal Error (1): Call to undefined method App\Controller\NewsController::assign() in [/var/www/vhosts/santo/cakephp/src/Controller/NewsController.php, line 14]
Trace:
Cake\Error\BaseErrorHandler::handleFatalError() - CORE/src/Error/BaseErrorHandler.php, line 191
Cake\Error\BaseErrorHandler::Cake\Error\{closure}() - CORE/src/Error/BaseErrorHandler.php, line 90
[main] - [internal], line ??



2015-10-05 02:45:27 Error: [Cake\Error\FatalErrorException] Call to undefined method App\Controller\NewsController::assign()
Request URL: /cakephp/news
Stack Trace:
#0 /var/www/vhosts/santo/cakephp/vendor/cakephp/cakephp/src/Error/BaseErrorHandler.php(90): Cake\Error\BaseErrorHandler->handleFatalError(1, 'Call to undefin...', '/var/www/vhosts...', 14)
#1 [internal function]: Cake\Error\BaseErrorHandler->Cake\Error\{closure}()
#2 {main}


